[ 2018-03-23T13:06:30+08:00 ] ::1 /Content/Article/cateinfo.html?id=8&_=1521781590813
INFO: [ app_begin ] --START--
INFO: Run Behavior\ReadHtmlCacheBehavior [ RunTime:0.001000s ]
INFO: [ app_begin ] --END-- [ RunTime:0.002000s ]
NOTIC: [2048] Declaration of Admin\Controller\PublicController::error() should be compatible with Think\Controller::error($message = '', $jumpUrl = '', $ajax = false) D:\phpStudy\WWW\auth\Application\Admin\Controller\PublicController.class.php 第 328 行.
NOTIC: [2048] Declaration of Admin\Controller\PublicController::success() should be compatible with Think\Controller::success($message = '', $jumpUrl = '', $ajax = false) D:\phpStudy\WWW\auth\Application\Admin\Controller\PublicController.class.php 第 328 行.
SQL: SHOW COLUMNS FROM `a_group_access` [ RunTime:0.0020s ]
SQL: SHOW COLUMNS FROM `a_auth_cate` [ RunTime:0.0020s ]
SQL: SELECT * FROM `a_auth_cate` WHERE `status` = 1 AND `level` = 1 AND `module` = 'Content' ORDER BY sort DESC  [ RunTime:0.0010s ]
SQL: SELECT COUNT(*) AS tp_count FROM `a_auth_cate` WHERE `pid` = 19 AND `status` = 1 AND `is_menu` <> 0 LIMIT 1   [ RunTime:0.0010s ]
SQL: SELECT `module`,`controller`,`method`,`title`,`name` FROM `a_auth_cate` WHERE `status` = 1 AND `level` = 2 AND `is_menu` = 0 AND `module` = 'Content' AND `controller` = 'Article' ORDER BY sort DESC  [ RunTime:0.0010s ]
SQL: SHOW COLUMNS FROM `a_article_cate` [ RunTime:0.0010s ]
SQL: SELECT * FROM `a_article_cate` WHERE `id` = 8 LIMIT 1   [ RunTime:0.0010s ]
INFO: [ view_parse ] --START--
INFO: [ template_filter ] --START--
INFO: Run Behavior\ContentReplaceBehavior [ RunTime:0.000000s ]
INFO: [ template_filter ] --END-- [ RunTime:0.000000s ]
NOTIC: [8] Undefined variable: sortmax D:\phpStudy\WWW\auth\Application\Runtime\Cache\Content\05897afbcf60b2c614e85eb7f64843ec.php 第 30 行.
INFO: Run Behavior\ParseTemplateBehavior [ RunTime:0.018001s ]
INFO: [ view_parse ] --END-- [ RunTime:0.018001s ]
INFO: [ view_filter ] --START--
INFO: Run Behavior\WriteHtmlCacheBehavior [ RunTime:0.001001s ]
INFO: [ view_filter ] --END-- [ RunTime:0.001001s ]
INFO: [ app_end ] --START--
INFO: Run Behavior\ShowPageTraceBehavior [ RunTime:0.001000s ]
INFO: [ app_end ] --END-- [ RunTime:0.001000s ]

[ 2018-03-23T13:06:32+08:00 ] ::1 /Content/Article/cateinfo.html?id=1&_=1521781592608
INFO: [ app_begin ] --START--
INFO: Run Behavior\ReadHtmlCacheBehavior [ RunTime:0.001000s ]
INFO: [ app_begin ] --END-- [ RunTime:0.003000s ]
NOTIC: [2048] Declaration of Admin\Controller\PublicController::error() should be compatible with Think\Controller::error($message = '', $jumpUrl = '', $ajax = false) D:\phpStudy\WWW\auth\Application\Admin\Controller\PublicController.class.php 第 328 行.
NOTIC: [2048] Declaration of Admin\Controller\PublicController::success() should be compatible with Think\Controller::success($message = '', $jumpUrl = '', $ajax = false) D:\phpStudy\WWW\auth\Application\Admin\Controller\PublicController.class.php 第 328 行.
SQL: SHOW COLUMNS FROM `a_group_access` [ RunTime:0.0010s ]
SQL: SHOW COLUMNS FROM `a_auth_cate` [ RunTime:0.0020s ]
SQL: SELECT * FROM `a_auth_cate` WHERE `status` = 1 AND `level` = 1 AND `module` = 'Content' ORDER BY sort DESC  [ RunTime:0.0010s ]
SQL: SELECT COUNT(*) AS tp_count FROM `a_auth_cate` WHERE `pid` = 19 AND `status` = 1 AND `is_menu` <> 0 LIMIT 1   [ RunTime:0.0010s ]
SQL: SELECT `module`,`controller`,`method`,`title`,`name` FROM `a_auth_cate` WHERE `status` = 1 AND `level` = 2 AND `is_menu` = 0 AND `module` = 'Content' AND `controller` = 'Article' ORDER BY sort DESC  [ RunTime:0.0010s ]
SQL: SHOW COLUMNS FROM `a_article_cate` [ RunTime:0.0010s ]
SQL: SELECT * FROM `a_article_cate` WHERE `id` = 1 LIMIT 1   [ RunTime:0.0010s ]
INFO: [ view_parse ] --START--
INFO: [ template_filter ] --START--
INFO: Run Behavior\ContentReplaceBehavior [ RunTime:0.000000s ]
INFO: [ template_filter ] --END-- [ RunTime:0.000000s ]
NOTIC: [8] Undefined variable: sortmax D:\phpStudy\WWW\auth\Application\Runtime\Cache\Content\05897afbcf60b2c614e85eb7f64843ec.php 第 30 行.
INFO: Run Behavior\ParseTemplateBehavior [ RunTime:0.006000s ]
INFO: [ view_parse ] --END-- [ RunTime:0.006000s ]
INFO: [ view_filter ] --START--
INFO: Run Behavior\WriteHtmlCacheBehavior [ RunTime:0.000000s ]
INFO: [ view_filter ] --END-- [ RunTime:0.000000s ]
INFO: [ app_end ] --START--
INFO: Run Behavior\ShowPageTraceBehavior [ RunTime:0.001001s ]
INFO: [ app_end ] --END-- [ RunTime:0.001001s ]

[ 2018-03-23T13:06:33+08:00 ] ::1 /Content/Article/cateinfo.html?id=2&_=1521781593149
INFO: [ app_begin ] --START--
INFO: Run Behavior\ReadHtmlCacheBehavior [ RunTime:0.001000s ]
INFO: [ app_begin ] --END-- [ RunTime:0.002000s ]
NOTIC: [2048] Declaration of Admin\Controller\PublicController::error() should be compatible with Think\Controller::error($message = '', $jumpUrl = '', $ajax = false) D:\phpStudy\WWW\auth\Application\Admin\Controller\PublicController.class.php 第 328 行.
NOTIC: [2048] Declaration of Admin\Controller\PublicController::success() should be compatible with Think\Controller::success($message = '', $jumpUrl = '', $ajax = false) D:\phpStudy\WWW\auth\Application\Admin\Controller\PublicController.class.php 第 328 行.
SQL: SHOW COLUMNS FROM `a_group_access` [ RunTime:0.0020s ]
SQL: SHOW COLUMNS FROM `a_auth_cate` [ RunTime:0.0010s ]
SQL: SELECT * FROM `a_auth_cate` WHERE `status` = 1 AND `level` = 1 AND `module` = 'Content' ORDER BY sort DESC  [ RunTime:0.0010s ]
SQL: SELECT COUNT(*) AS tp_count FROM `a_auth_cate` WHERE `pid` = 19 AND `status` = 1 AND `is_menu` <> 0 LIMIT 1   [ RunTime:0.0010s ]
SQL: SELECT `module`,`controller`,`method`,`title`,`name` FROM `a_auth_cate` WHERE `status` = 1 AND `level` = 2 AND `is_menu` = 0 AND `module` = 'Content' AND `controller` = 'Article' ORDER BY sort DESC  [ RunTime:0.0010s ]
SQL: SHOW COLUMNS FROM `a_article_cate` [ RunTime:0.0010s ]
SQL: SELECT * FROM `a_article_cate` WHERE `id` = 2 LIMIT 1   [ RunTime:0.0020s ]
INFO: [ view_parse ] --START--
INFO: [ template_filter ] --START--
INFO: Run Behavior\ContentReplaceBehavior [ RunTime:0.000000s ]
INFO: [ template_filter ] --END-- [ RunTime:0.000000s ]
NOTIC: [8] Undefined variable: sortmax D:\phpStudy\WWW\auth\Application\Runtime\Cache\Content\05897afbcf60b2c614e85eb7f64843ec.php 第 30 行.
INFO: Run Behavior\ParseTemplateBehavior [ RunTime:0.004001s ]
INFO: [ view_parse ] --END-- [ RunTime:0.004001s ]
INFO: [ view_filter ] --START--
INFO: Run Behavior\WriteHtmlCacheBehavior [ RunTime:0.000000s ]
INFO: [ view_filter ] --END-- [ RunTime:0.000000s ]
INFO: [ app_end ] --START--
INFO: Run Behavior\ShowPageTraceBehavior [ RunTime:0.001000s ]
INFO: [ app_end ] --END-- [ RunTime:0.001000s ]

[ 2018-03-23T13:06:33+08:00 ] ::1 /Content/Article/cateinfo.html?id=3&_=1521781593717
INFO: [ app_begin ] --START--
INFO: Run Behavior\ReadHtmlCacheBehavior [ RunTime:0.001000s ]
INFO: [ app_begin ] --END-- [ RunTime:0.002000s ]
NOTIC: [2048] Declaration of Admin\Controller\PublicController::error() should be compatible with Think\Controller::error($message = '', $jumpUrl = '', $ajax = false) D:\phpStudy\WWW\auth\Application\Admin\Controller\PublicController.class.php 第 328 行.
NOTIC: [2048] Declaration of Admin\Controller\PublicController::success() should be compatible with Think\Controller::success($message = '', $jumpUrl = '', $ajax = false) D:\phpStudy\WWW\auth\Application\Admin\Controller\PublicController.class.php 第 328 行.
SQL: SHOW COLUMNS FROM `a_group_access` [ RunTime:0.0020s ]
SQL: SHOW COLUMNS FROM `a_auth_cate` [ RunTime:0.0010s ]
SQL: SELECT * FROM `a_auth_cate` WHERE `status` = 1 AND `level` = 1 AND `module` = 'Content' ORDER BY sort DESC  [ RunTime:0.0010s ]
SQL: SELECT COUNT(*) AS tp_count FROM `a_auth_cate` WHERE `pid` = 19 AND `status` = 1 AND `is_menu` <> 0 LIMIT 1   [ RunTime:0.0010s ]
SQL: SELECT `module`,`controller`,`method`,`title`,`name` FROM `a_auth_cate` WHERE `status` = 1 AND `level` = 2 AND `is_menu` = 0 AND `module` = 'Content' AND `controller` = 'Article' ORDER BY sort DESC  [ RunTime:0.0000s ]
SQL: SHOW COLUMNS FROM `a_article_cate` [ RunTime:0.0010s ]
SQL: SELECT * FROM `a_article_cate` WHERE `id` = 3 LIMIT 1   [ RunTime:0.0020s ]
INFO: [ view_parse ] --START--
INFO: [ template_filter ] --START--
INFO: Run Behavior\ContentReplaceBehavior [ RunTime:0.000000s ]
INFO: [ template_filter ] --END-- [ RunTime:0.000000s ]
NOTIC: [8] Undefined variable: sortmax D:\phpStudy\WWW\auth\Application\Runtime\Cache\Content\05897afbcf60b2c614e85eb7f64843ec.php 第 30 行.
INFO: Run Behavior\ParseTemplateBehavior [ RunTime:0.005001s ]
INFO: [ view_parse ] --END-- [ RunTime:0.005001s ]
INFO: [ view_filter ] --START--
INFO: Run Behavior\WriteHtmlCacheBehavior [ RunTime:0.000000s ]
INFO: [ view_filter ] --END-- [ RunTime:0.000000s ]
INFO: [ app_end ] --START--
INFO: Run Behavior\ShowPageTraceBehavior [ RunTime:0.001000s ]
INFO: [ app_end ] --END-- [ RunTime:0.001000s ]

[ 2018-03-23T13:06:34+08:00 ] ::1 /Content/Article/cateinfo.html?id=4&_=1521781594189
INFO: [ app_begin ] --START--
INFO: Run Behavior\ReadHtmlCacheBehavior [ RunTime:0.001000s ]
INFO: [ app_begin ] --END-- [ RunTime:0.001000s ]
NOTIC: [2048] Declaration of Admin\Controller\PublicController::error() should be compatible with Think\Controller::error($message = '', $jumpUrl = '', $ajax = false) D:\phpStudy\WWW\auth\Application\Admin\Controller\PublicController.class.php 第 328 行.
NOTIC: [2048] Declaration of Admin\Controller\PublicController::success() should be compatible with Think\Controller::success($message = '', $jumpUrl = '', $ajax = false) D:\phpStudy\WWW\auth\Application\Admin\Controller\PublicController.class.php 第 328 行.
SQL: SHOW COLUMNS FROM `a_group_access` [ RunTime:0.0020s ]
SQL: SHOW COLUMNS FROM `a_auth_cate` [ RunTime:0.0020s ]
SQL: SELECT * FROM `a_auth_cate` WHERE `status` = 1 AND `level` = 1 AND `module` = 'Content' ORDER BY sort DESC  [ RunTime:0.0010s ]
SQL: SELECT COUNT(*) AS tp_count FROM `a_auth_cate` WHERE `pid` = 19 AND `status` = 1 AND `is_menu` <> 0 LIMIT 1   [ RunTime:0.0010s ]
SQL: SELECT `module`,`controller`,`method`,`title`,`name` FROM `a_auth_cate` WHERE `status` = 1 AND `level` = 2 AND `is_menu` = 0 AND `module` = 'Content' AND `controller` = 'Article' ORDER BY sort DESC  [ RunTime:0.0010s ]
SQL: SHOW COLUMNS FROM `a_article_cate` [ RunTime:0.0010s ]
SQL: SELECT * FROM `a_article_cate` WHERE `id` = 4 LIMIT 1   [ RunTime:0.0010s ]
INFO: [ view_parse ] --START--
INFO: [ template_filter ] --START--
INFO: Run Behavior\ContentReplaceBehavior [ RunTime:0.001000s ]
INFO: [ template_filter ] --END-- [ RunTime:0.001000s ]
NOTIC: [8] Undefined variable: sortmax D:\phpStudy\WWW\auth\Application\Runtime\Cache\Content\05897afbcf60b2c614e85eb7f64843ec.php 第 30 行.
INFO: Run Behavior\ParseTemplateBehavior [ RunTime:0.008000s ]
INFO: [ view_parse ] --END-- [ RunTime:0.008000s ]
INFO: [ view_filter ] --START--
INFO: Run Behavior\WriteHtmlCacheBehavior [ RunTime:0.001000s ]
INFO: [ view_filter ] --END-- [ RunTime:0.001000s ]
INFO: [ app_end ] --START--
INFO: Run Behavior\ShowPageTraceBehavior [ RunTime:0.001000s ]
INFO: [ app_end ] --END-- [ RunTime:0.001000s ]

[ 2018-03-23T13:15:30+08:00 ] ::1 /Content/Index/info.html
ERR: Think\Model:getOneField方法不存在！

[ 2018-03-23T13:48:24+08:00 ] ::1 /Content/Index/info.html
ERR: Think\Model:getOneField方法不存在！

