[ 2018-03-23T14:05:15+08:00 ] ::1 /Public/Admin/Css/Images/login-bg.jpg
ERR: 无法加载模块:Public

[ 2018-03-23T14:05:16+08:00 ] ::1 /Public/Admin/Css/Images/login-bg.jpg
ERR: 无法加载模块:Public

[ 2018-03-23T14:14:43+08:00 ] ::1 /Public/Admin/Css/Images/logo_header.jpg
ERR: 无法加载模块:Public

[ 2018-03-23T14:14:44+08:00 ] ::1 /Public/Admin/Css/Images/logo_header.jpg
ERR: 无法加载模块:Public

[ 2018-03-23T14:14:45+08:00 ] ::1 /Public/Admin/Css/Images/logo_header.jpg
ERR: 无法加载模块:Public

[ 2018-03-23T14:14:45+08:00 ] ::1 /Public/Admin/Css/Images/logo_header.jpg
ERR: 无法加载模块:Public

[ 2018-03-23T14:14:45+08:00 ] ::1 /Public/Admin/Css/Images/logo_header.jpg
ERR: 无法加载模块:Public

[ 2018-03-23T14:14:46+08:00 ] ::1 /Public/Admin/Css/Images/logo_header.jpg
ERR: 无法加载模块:Public

[ 2018-03-23T14:14:46+08:00 ] ::1 /Public/Admin/Css/Images/logo_header.jpg
ERR: 无法加载模块:Public

[ 2018-03-23T14:14:46+08:00 ] ::1 /Public/Admin/Css/Images/logo_header.jpg
ERR: 无法加载模块:Public

[ 2018-03-23T14:14:46+08:00 ] ::1 /Public/Admin/Css/Images/logo_header.jpg
ERR: 无法加载模块:Public

[ 2018-03-23T14:29:41+08:00 ] ::1 /Images/login_bg.jpg
ERR: 无法加载模块:Images

[ 2018-03-23T14:29:41+08:00 ] ::1 /Images/login_bg.jpg
ERR: 无法加载模块:Images

[ 2018-03-23T14:30:08+08:00 ] ::1 /favicon.ico
ERR: 无法加载模块:Favicon

[ 2018-03-23T14:35:38+08:00 ] ::1 /Public/Admin/Css/Images/loginbg.jpg
ERR: 无法加载模块:Public

[ 2018-03-23T14:35:41+08:00 ] ::1 /Public/Admin/Css/Images/loginbg.jpg
ERR: 无法加载模块:Public

[ 2018-03-23T14:35:41+08:00 ] ::1 /Public/Admin/Css/Images/loginbg.jpg
ERR: 无法加载模块:Public

[ 2018-03-23T14:35:42+08:00 ] ::1 /Public/Admin/Css/Images/loginbg.jpg
ERR: 无法加载模块:Public

[ 2018-03-23T14:35:42+08:00 ] ::1 /Public/Admin/Css/Images/loginbg.jpg
ERR: 无法加载模块:Public

[ 2018-03-23T14:35:43+08:00 ] ::1 /Public/Admin/Css/Images/loginbg.jpg
ERR: 无法加载模块:Public

[ 2018-03-23T14:35:44+08:00 ] ::1 /Public/Admin/Css/Images/loginbg.jpg
ERR: 无法加载模块:Public

